  Game.cpp
  Item.cpp
  Menu.cpp
  Player.cpp
  Scene.cpp
E:\proj4\project\vj-2d\NK\Night Knight\Scene.cpp(225,28): warning C4244: '=': conversión de 'float' a 'int'; posible pérdida de datos
E:\proj4\project\vj-2d\NK\Night Knight\Scene.cpp(236,28): warning C4244: '=': conversión de 'float' a 'int'; posible pérdida de datos
E:\proj4\project\vj-2d\NK\Night Knight\Scene.cpp(301,22): warning C4018: '<': no coinciden signed/unsigned
E:\proj4\project\vj-2d\NK\Night Knight\Scene.cpp(305,22): warning C4018: '<': no coinciden signed/unsigned
E:\proj4\project\vj-2d\NK\Night Knight\Scene.cpp(309,22): warning C4018: '<': no coinciden signed/unsigned
E:\proj4\project\vj-2d\NK\Night Knight\Scene.cpp(317,21): warning C4018: '<': no coinciden signed/unsigned
E:\proj4\project\vj-2d\NK\Night Knight\Scene.cpp(326,21): warning C4018: '<': no coinciden signed/unsigned
E:\proj4\project\vj-2d\NK\Night Knight\Scene.cpp(335,21): warning C4018: '<': no coinciden signed/unsigned
E:\proj4\project\vj-2d\NK\Night Knight\Scene.cpp(407,21): warning C4018: '<': no coinciden signed/unsigned
E:\proj4\project\vj-2d\NK\Night Knight\Scene.cpp(435,20): warning C4244: '=': conversión de 'float' a 'int'; posible pérdida de datos
E:\proj4\project\vj-2d\NK\Night Knight\Scene.cpp(562,21): warning C4018: '<': no coinciden signed/unsigned
E:\proj4\project\vj-2d\NK\Night Knight\Scene.cpp(565,21): warning C4018: '<': no coinciden signed/unsigned
  main.cpp
  Generando código...
SOIL.lib(image_DXT.obj) : warning LNK4099: no se encontró PDB '' con 'SOIL.lib(image_DXT.obj)' o en ''; se vinculará el objeto sin tener en cuenta información de depuración
SOIL.lib(image_helper.obj) : warning LNK4099: no se encontró PDB '' con 'SOIL.lib(image_helper.obj)' o en ''; se vinculará el objeto sin tener en cuenta información de depuración
SOIL.lib(SOIL.obj) : warning LNK4099: no se encontró PDB '' con 'SOIL.lib(SOIL.obj)' o en ''; se vinculará el objeto sin tener en cuenta información de depuración
SOIL.lib(stb_image_aug.obj) : warning LNK4099: no se encontró PDB '' con 'SOIL.lib(stb_image_aug.obj)' o en ''; se vinculará el objeto sin tener en cuenta información de depuración
  Night Knight.vcxproj -> E:\proj4\project\vj-2d\NK\Night Knight\Debug\Night Knight.exe
