  Scene.cpp
E:\proj4\project\vj-2d\NK\Night Knight\Scene.cpp(225,28): warning C4244: '=': conversión de 'float' a 'int'; posible pérdida de datos
E:\proj4\project\vj-2d\NK\Night Knight\Scene.cpp(236,28): warning C4244: '=': conversión de 'float' a 'int'; posible pérdida de datos
E:\proj4\project\vj-2d\NK\Night Knight\Scene.cpp(300,22): warning C4018: '<': no coinciden signed/unsigned
E:\proj4\project\vj-2d\NK\Night Knight\Scene.cpp(304,22): warning C4018: '<': no coinciden signed/unsigned
E:\proj4\project\vj-2d\NK\Night Knight\Scene.cpp(308,22): warning C4018: '<': no coinciden signed/unsigned
E:\proj4\project\vj-2d\NK\Night Knight\Scene.cpp(316,21): warning C4018: '<': no coinciden signed/unsigned
E:\proj4\project\vj-2d\NK\Night Knight\Scene.cpp(325,21): warning C4018: '<': no coinciden signed/unsigned
E:\proj4\project\vj-2d\NK\Night Knight\Scene.cpp(334,21): warning C4018: '<': no coinciden signed/unsigned
E:\proj4\project\vj-2d\NK\Night Knight\Scene.cpp(409,21): warning C4018: '<': no coinciden signed/unsigned
E:\proj4\project\vj-2d\NK\Night Knight\Scene.cpp(438,20): warning C4244: '=': conversión de 'float' a 'int'; posible pérdida de datos
E:\proj4\project\vj-2d\NK\Night Knight\Scene.cpp(565,21): warning C4018: '<': no coinciden signed/unsigned
E:\proj4\project\vj-2d\NK\Night Knight\Scene.cpp(568,21): warning C4018: '<': no coinciden signed/unsigned
SOIL.lib(SOIL.obj) : warning LNK4075: se omite '/EDITANDCONTINUE' debido a la especificación '/OPT:ICF'
LINK : warning LNK4098: la biblioteca predeterminada'MSVCRTD' entra en conflicto con otras bibliotecas; use la biblioteca /NODEFAULTLIB:biblioteca
  Generando código
  1 of 962 functions ( 0.1%) were compiled, the rest were copied from previous compilation.
    0 functions were new in current compilation
    3 functions had inline decision re-evaluated but remain unchanged
  Generación de código finalizada
SOIL.lib(image_DXT.obj) : warning LNK4099: no se encontró PDB '' con 'SOIL.lib(image_DXT.obj)' o en ''; se vinculará el objeto sin tener en cuenta información de depuración
SOIL.lib(image_helper.obj) : warning LNK4099: no se encontró PDB '' con 'SOIL.lib(image_helper.obj)' o en ''; se vinculará el objeto sin tener en cuenta información de depuración
SOIL.lib(SOIL.obj) : warning LNK4099: no se encontró PDB '' con 'SOIL.lib(SOIL.obj)' o en ''; se vinculará el objeto sin tener en cuenta información de depuración
SOIL.lib(stb_image_aug.obj) : warning LNK4099: no se encontró PDB '' con 'SOIL.lib(stb_image_aug.obj)' o en ''; se vinculará el objeto sin tener en cuenta información de depuración
  Night Knight.vcxproj -> E:\proj4\project\vj-2d\NK\Night Knight\Release\Night Knight.exe
